obj/Debug/netstandard2.1/blazor/linker/Artemis.Analysis.dll
obj/Debug/netstandard2.1/blazor/linker/Artemis.Analysis.Maki.Client.dll
obj/Debug/netstandard2.1/blazor/linker/Artemis.Analysis.Maki.Model.dll
obj/Debug/netstandard2.1/blazor/linker/Artemis.dll
obj/Debug/netstandard2.1/blazor/linker/Artemis.Logic.dll
obj/Debug/netstandard2.1/blazor/linker/Artemis.Tactics.dll
obj/Debug/netstandard2.1/blazor/linker/Artemis.Webasm.dll
obj/Debug/netstandard2.1/blazor/linker/ChessBot.Logic.dll
obj/Debug/netstandard2.1/blazor/linker/ChessBot.Pgn.dll
obj/Debug/netstandard2.1/blazor/linker/Docker.DotNet.dll
obj/Debug/netstandard2.1/blazor/linker/Microsoft.AspNetCore.Authorization.dll
obj/Debug/netstandard2.1/blazor/linker/Microsoft.AspNetCore.Blazor.dll
obj/Debug/netstandard2.1/blazor/linker/Microsoft.AspNetCore.Blazor.HttpClient.dll
obj/Debug/netstandard2.1/blazor/linker/Microsoft.AspNetCore.Components.dll
obj/Debug/netstandard2.1/blazor/linker/Microsoft.AspNetCore.Components.Forms.dll
obj/Debug/netstandard2.1/blazor/linker/Microsoft.AspNetCore.Components.Web.dll
obj/Debug/netstandard2.1/blazor/linker/Microsoft.AspNetCore.Metadata.dll
obj/Debug/netstandard2.1/blazor/linker/Microsoft.Bcl.AsyncInterfaces.dll
obj/Debug/netstandard2.1/blazor/linker/Microsoft.Extensions.DependencyInjection.Abstractions.dll
obj/Debug/netstandard2.1/blazor/linker/Microsoft.Extensions.DependencyInjection.dll
obj/Debug/netstandard2.1/blazor/linker/Microsoft.Extensions.Logging.Abstractions.dll
obj/Debug/netstandard2.1/blazor/linker/Microsoft.Extensions.Options.dll
obj/Debug/netstandard2.1/blazor/linker/Microsoft.Extensions.Primitives.dll
obj/Debug/netstandard2.1/blazor/linker/Microsoft.JSInterop.dll
obj/Debug/netstandard2.1/blazor/linker/Mono.Security.dll
obj/Debug/netstandard2.1/blazor/linker/Mono.WebAssembly.Interop.dll
obj/Debug/netstandard2.1/blazor/linker/mscorlib.dll
obj/Debug/netstandard2.1/blazor/linker/Newtonsoft.Json.dll
obj/Debug/netstandard2.1/blazor/linker/protobuf-net.Core.dll
obj/Debug/netstandard2.1/blazor/linker/protobuf-net.dll
obj/Debug/netstandard2.1/blazor/linker/System.Collections.Immutable.dll
obj/Debug/netstandard2.1/blazor/linker/System.ComponentModel.DataAnnotations.dll
obj/Debug/netstandard2.1/blazor/linker/System.Core.dll
obj/Debug/netstandard2.1/blazor/linker/System.Data.dll
obj/Debug/netstandard2.1/blazor/linker/System.dll
obj/Debug/netstandard2.1/blazor/linker/System.Drawing.Common.dll
obj/Debug/netstandard2.1/blazor/linker/System.Net.Http.dll
obj/Debug/netstandard2.1/blazor/linker/System.Numerics.dll
obj/Debug/netstandard2.1/blazor/linker/System.Private.ServiceModel.dll
obj/Debug/netstandard2.1/blazor/linker/System.Runtime.CompilerServices.Unsafe.dll
obj/Debug/netstandard2.1/blazor/linker/System.Runtime.Serialization.dll
obj/Debug/netstandard2.1/blazor/linker/System.ServiceModel.Internals.dll
obj/Debug/netstandard2.1/blazor/linker/System.Text.Encodings.Web.dll
obj/Debug/netstandard2.1/blazor/linker/System.Text.Json.dll
obj/Debug/netstandard2.1/blazor/linker/System.Xml.dll
obj/Debug/netstandard2.1/blazor/linker/System.Xml.Linq.dll
obj/Debug/netstandard2.1/blazor/linker/WebAssembly.Bindings.dll
obj/Debug/netstandard2.1/blazor/linker/WebAssembly.Net.Http.dll
obj/Debug/netstandard2.1/blazor/linker/Artemis.Analysis.Maki.Client.pdb
obj/Debug/netstandard2.1/blazor/linker/Artemis.Analysis.Maki.Model.pdb
obj/Debug/netstandard2.1/blazor/linker/Artemis.Analysis.pdb
obj/Debug/netstandard2.1/blazor/linker/Artemis.Logic.pdb
obj/Debug/netstandard2.1/blazor/linker/Artemis.pdb
obj/Debug/netstandard2.1/blazor/linker/Artemis.Tactics.pdb
obj/Debug/netstandard2.1/blazor/linker/Artemis.Webasm.pdb
obj/Debug/netstandard2.1/blazor/linker/System.Private.ServiceModel.pdb
