Arguments: 
  /usr/local/Cellar/node@10/10.16.3/bin/node /Users/john/.yarn/bin/yarn.js run build

PATH: 
  /Users/john/.yarn/bin:/Users/john/.config/yarn/global/node_modules/.bin:/usr/local/Cellar/node@10/10.16.3/bin:/Users/john/Library/Python/3.6/bin:/Users/john/Documents/chessbot/aidaemon/bin:/Users/john/.cargo/bin:/Users/john/.cabal/bin:/Library/Frameworks/Python.framework/Versions/3.6/bin:/usr/local/bin:/usr/bin:/bin:/usr/sbin:/sbin:/Library/Apple/usr/bin:/Library/Apple/bin:/Applications/VMware Fusion.app/Contents/Public:/Library/TeX/texbin:/usr/local/go/bin:/usr/local/share/dotnet:/opt/X11/bin:~/.dotnet/tools:/Library/Frameworks/Mono.framework/Versions/Current/Commands:/Applications/Wireshark.app/Contents/MacOS:/Library/Java/JavaVirtualMachines/jdk-9.0.1.jdk/Contents/Home/bin:/Applications/IntelliJ IDEA.app/Contents/plugins/maven/lib/maven3

Yarn version: 
  1.22.4

Node version: 
  10.16.3

Platform: 
  darwin x64

Trace: 
  SyntaxError: /Users/john/artemis/packages/projects/Artemis.Webasm/package.json: Unexpected end of JSON input
      at JSON.parse (<anonymous>)
      at /Users/john/.yarn/lib/cli.js:1625:59
      at Generator.next (<anonymous>)
      at step (/Users/john/.yarn/lib/cli.js:310:30)
      at /Users/john/.yarn/lib/cli.js:321:13

npm manifest: 
  

yarn manifest: 
  No manifest

Lockfile: 
  No lockfile
